0 info it worked if it ends with ok
1 verbose cli [ '/home/mangel/.nvm/versions/node/v6.11.3/bin/node',
1 verbose cli   '/home/mangel/.nvm/versions/node/v6.11.3/bin/npm',
1 verbose cli   'start' ]
2 info using npm@3.10.10
3 info using node@v6.11.3
4 verbose run-script [ 'prestart', 'start', 'poststart' ]
5 info lifecycle app-alibrate-test@1.0.0~prestart: app-alibrate-test@1.0.0
6 silly lifecycle app-alibrate-test@1.0.0~prestart: no script for prestart, continuing
7 info lifecycle app-alibrate-test@1.0.0~start: app-alibrate-test@1.0.0
8 verbose lifecycle app-alibrate-test@1.0.0~start: unsafe-perm in lifecycle true
9 verbose lifecycle app-alibrate-test@1.0.0~start: PATH: /home/mangel/.nvm/versions/node/v6.11.3/lib/node_modules/npm/bin/node-gyp-bin:/var/www/html/app-alibrate-test/node_modules/.bin:/home/mangel/.nvm/versions/node/v6.11.3/bin:/home/mangel/bin:/home/mangel/.local/bin:/usr/local/sbin:/usr/local/bin:/usr/sbin:/usr/bin:/sbin:/bin:/usr/games:/usr/local/games:/snap/bin:/usr/lib/jvm/java-8-oracle/bin:/usr/lib/jvm/java-8-oracle/db/bin:/usr/lib/jvm/java-8-oracle/jre/bin
10 verbose lifecycle app-alibrate-test@1.0.0~start: CWD: /var/www/html/app-alibrate-test
11 silly lifecycle app-alibrate-test@1.0.0~start: Args: [ '-c', 'index.js' ]
12 info lifecycle app-alibrate-test@1.0.0~start: Failed to exec start script
13 verbose stack Error: app-alibrate-test@1.0.0 start: `index.js`
13 verbose stack spawn ENOENT
13 verbose stack     at ChildProcess.<anonymous> (/home/mangel/.nvm/versions/node/v6.11.3/lib/node_modules/npm/lib/utils/spawn.js:33:16)
13 verbose stack     at emitTwo (events.js:106:13)
13 verbose stack     at ChildProcess.emit (events.js:191:7)
13 verbose stack     at maybeClose (internal/child_process.js:920:16)
13 verbose stack     at Process.ChildProcess._handle.onexit (internal/child_process.js:230:5)
14 verbose pkgid app-alibrate-test@1.0.0
15 verbose cwd /var/www/html/app-alibrate-test
16 error Linux 4.10.0-40-generic
17 error argv "/home/mangel/.nvm/versions/node/v6.11.3/bin/node" "/home/mangel/.nvm/versions/node/v6.11.3/bin/npm" "start"
18 error node v6.11.3
19 error npm  v3.10.10
20 error file sh
21 error code ELIFECYCLE
22 error errno ENOENT
23 error syscall spawn
24 error app-alibrate-test@1.0.0 start: `index.js`
24 error spawn ENOENT
25 error Failed at the app-alibrate-test@1.0.0 start script 'index.js'.
25 error Make sure you have the latest version of node.js and npm installed.
25 error If you do, this is most likely a problem with the app-alibrate-test package,
25 error not with npm itself.
25 error Tell the author that this fails on your system:
25 error     index.js
25 error You can get information on how to open an issue for this project with:
25 error     npm bugs app-alibrate-test
25 error Or if that isn't available, you can get their info via:
25 error     npm owner ls app-alibrate-test
25 error There is likely additional logging output above.
26 verbose exit [ 1, true ]
